;  LST file generated by mikroListExporter - v.2.0 
; Date/Time: 01/08/2023 02:02:12
;----------------------------------------------

;Address Opcode 	ASM
0x0000	0x2A63      	GOTO       611
_interrupt:
0x0004	0x00FF      	MOVWF      R15
0x0005	0x0E03      	SWAPF      STATUS, 0
0x0006	0x0183      	CLRF       STATUS
0x0007	0x00AC      	MOVWF      ___saveSTATUS
0x0008	0x080A      	MOVF       PCLATH, 0
0x0009	0x00AD      	MOVWF      ___savePCLATH
0x000A	0x018A      	CLRF       PCLATH
;MyProject.c,251 :: 		void interrupt()
;MyProject.c,253 :: 		if(intf_bit==1)
0x000B	0x1C8B      	BTFSS      INTF_bit, BitPos(INTF_bit+0)
0x000C	0x2811      	GOTO       L_interrupt32
;MyProject.c,256 :: 		intf_bit=0;
0x000D	0x108B      	BCF        INTF_bit, BitPos(INTF_bit+0)
;MyProject.c,257 :: 		counter++;
0x000E	0x0AA2      	INCF       _counter, 1
0x000F	0x1903      	BTFSC      STATUS, 2
0x0010	0x0AA3      	INCF       _counter+1, 1
;MyProject.c,259 :: 		}
L_interrupt32:
;MyProject.c,260 :: 		}
L_end_interrupt:
L__interrupt107:
0x0011	0x082D      	MOVF       ___savePCLATH, 0
0x0012	0x008A      	MOVWF      PCLATH
0x0013	0x0E2C      	SWAPF      ___saveSTATUS, 0
0x0014	0x0083      	MOVWF      STATUS
0x0015	0x0EFF      	SWAPF      R15, 1
0x0016	0x0E7F      	SWAPF      R15, 0
0x0017	0x0009      	RETFIE
; end of _interrupt
_Div_16x16_S_L:
;__Lib_Math.c,420 :: 		
;__Lib_Math.c,426 :: 		
0x0018	0x0D71      	RLF        R1, 0
;__Lib_Math.c,427 :: 		
0x0019	0x0DF8      	RLF        R8, 1
;__Lib_Math.c,428 :: 		
0x001A	0x0DF9      	RLF        R9, 1
;__Lib_Math.c,429 :: 		
0x001B	0x0874      	MOVF       R4, 0
;__Lib_Math.c,430 :: 		
0x001C	0x02F8      	SUBWF      R8, 1
;__Lib_Math.c,431 :: 		
0x001D	0x0875      	MOVF       R5, 0
;__Lib_Math.c,432 :: 		
0x001E	0x1C03      	BTFSS      STATUS, 0
;__Lib_Math.c,433 :: 		
0x001F	0x0F75      	INCFSZ     R5, 0
;__Lib_Math.c,434 :: 		
0x0020	0x02F9      	SUBWF      R9, 1
;__Lib_Math.c,435 :: 		
0x0021	0x0DF0      	RLF        R0, 1
;__Lib_Math.c,436 :: 		
0x0022	0x0DF1      	RLF        R1, 1
;__Lib_Math.c,438 :: 		
0x0023	0x300F      	MOVLW      15
;__Lib_Math.c,439 :: 		
0x0024	0x00FC      	MOVWF      R12
;__Lib_Math.c,441 :: 		
0x0025	0x0D71      	RLF        R1, 0
;__Lib_Math.c,442 :: 		
0x0026	0x0DF8      	RLF        R8, 1
;__Lib_Math.c,443 :: 		
0x0027	0x0DF9      	RLF        R9, 1
;__Lib_Math.c,444 :: 		
0x0028	0x0874      	MOVF       R4, 0
;__Lib_Math.c,446 :: 		
0x0029	0x1C70      	BTFSS      R0, 0
;__Lib_Math.c,447 :: 		
0x002A	0x2831      	GOTO       $+7
;__Lib_Math.c,448 :: 		
0x002B	0x02F8      	SUBWF      R8, 1
;__Lib_Math.c,449 :: 		
0x002C	0x0875      	MOVF       R5, 0
;__Lib_Math.c,450 :: 		
0x002D	0x1C03      	BTFSS      STATUS, 0
;__Lib_Math.c,451 :: 		
0x002E	0x0F75      	INCFSZ     R5, 0
;__Lib_Math.c,452 :: 		
0x002F	0x02F9      	SUBWF      R9, 1
;__Lib_Math.c,453 :: 		
0x0030	0x2836      	GOTO       $+6
;__Lib_Math.c,455 :: 		
0x0031	0x07F8      	ADDWF      R8, 1
;__Lib_Math.c,456 :: 		
0x0032	0x0875      	MOVF       R5, 0
;__Lib_Math.c,457 :: 		
0x0033	0x1803      	BTFSC      STATUS, 0
;__Lib_Math.c,458 :: 		
0x0034	0x0F75      	INCFSZ     R5, 0
;__Lib_Math.c,459 :: 		
0x0035	0x07F9      	ADDWF      R9, 1
;__Lib_Math.c,461 :: 		
0x0036	0x0DF0      	RLF        R0, 1
;__Lib_Math.c,462 :: 		
0x0037	0x0DF1      	RLF        R1, 1
;__Lib_Math.c,464 :: 		
0x0038	0x0BFC      	DECFSZ     R12, 1
;__Lib_Math.c,465 :: 		
0x0039	0x2825      	GOTO       $-20
;__Lib_Math.c,467 :: 		
0x003A	0x1870      	BTFSC      R0, 0
;__Lib_Math.c,468 :: 		
0x003B	0x2842      	GOTO       $+7
;__Lib_Math.c,469 :: 		
0x003C	0x0874      	MOVF       R4, 0
;__Lib_Math.c,470 :: 		
0x003D	0x07F8      	ADDWF      R8, 1
;__Lib_Math.c,471 :: 		
0x003E	0x0875      	MOVF       R5, 0
;__Lib_Math.c,472 :: 		
0x003F	0x1803      	BTFSC      STATUS, 0
;__Lib_Math.c,473 :: 		
0x0040	0x0F75      	INCFSZ     R5, 0
;__Lib_Math.c,474 :: 		
0x0041	0x07F9      	ADDWF      R9, 1
;__Lib_Math.c,475 :: 		
0x0042	0x0000      	NOP
;__Lib_Math.c,477 :: 		
L_end_Div_16x16_S_L:
0x0043	0x0008      	RETURN
; end of _Div_16x16_S_L
_Div_16x16_S:
;__Lib_Math.c,479 :: 		
;__Lib_Math.c,487 :: 		
0x0044	0x1283      	BCF        STATUS, 5
0x0045	0x1303      	BCF        STATUS, 6
0x0046	0x0874      	MOVF       R4, 0
0x0047	0x3A00      	XORLW      0
0x0048	0x1D03      	BTFSS      STATUS, 2
0x0049	0x2853      	GOTO       L_Div_16x16_S0
;__Lib_Math.c,488 :: 		
0x004A	0x0875      	MOVF       R5, 0
0x004B	0x3A00      	XORLW      0
0x004C	0x1D03      	BTFSS      STATUS, 2
0x004D	0x2853      	GOTO       L_Div_16x16_S1
;__Lib_Math.c,489 :: 		
0x004E	0x30FF      	MOVLW      255
0x004F	0x00F0      	MOVWF      R0
;__Lib_Math.c,490 :: 		
0x0050	0x307F      	MOVLW      127
0x0051	0x00F1      	MOVWF      R1
;__Lib_Math.c,491 :: 		
0x0052	0x28AC      	GOTO       L_end_Div_16x16_S
;__Lib_Math.c,492 :: 		
L_Div_16x16_S1:
L_Div_16x16_S0:
;__Lib_Math.c,495 :: 		
0x0053	0x1283      	BCF        STATUS, 5
;__Lib_Math.c,496 :: 		
0x0054	0x1303      	BCF        STATUS, 6
;__Lib_Math.c,497 :: 		
0x0055	0x01FD      	CLRF       R13
;__Lib_Math.c,498 :: 		
0x0056	0x01F9      	CLRF       R9
;__Lib_Math.c,499 :: 		
0x0057	0x01F8      	CLRF       R8
;__Lib_Math.c,500 :: 		
0x0058	0x0871      	MOVF       R1, 0
;__Lib_Math.c,501 :: 		
0x0059	0x0470      	IORWF      R0, 0
;__Lib_Math.c,502 :: 		
0x005A	0x1903      	BTFSC      STATUS, 2
;__Lib_Math.c,503 :: 		
0x005B	0x3400      	RETLW      0
;__Lib_Math.c,505 :: 		
0x005C	0x0871      	MOVF       R1, 0
;__Lib_Math.c,506 :: 		
0x005D	0x0675      	XORWF      R5, 0
;__Lib_Math.c,507 :: 		
0x005E	0x00FA      	MOVWF      R10
;__Lib_Math.c,508 :: 		
0x005F	0x1BFA      	BTFSC      R10, 7
;__Lib_Math.c,509 :: 		
0x0060	0x09FD      	COMF       R13, 1
;__Lib_Math.c,511 :: 		
0x0061	0x01FB      	CLRF       R11
;__Lib_Math.c,513 :: 		
0x0062	0x1FF5      	BTFSS      R5, 7
;__Lib_Math.c,514 :: 		
0x0063	0x2869      	GOTO       $+6
;__Lib_Math.c,516 :: 		
0x0064	0x09F4      	COMF       R4, 1
;__Lib_Math.c,517 :: 		
0x0065	0x09F5      	COMF       R5, 1
;__Lib_Math.c,518 :: 		
0x0066	0x0AF4      	INCF       R4, 1
;__Lib_Math.c,519 :: 		
0x0067	0x1903      	BTFSC      STATUS, 2
;__Lib_Math.c,520 :: 		
0x0068	0x0AF5      	INCF       R5, 1
;__Lib_Math.c,522 :: 		
0x0069	0x1FF1      	BTFSS      R1, 7
;__Lib_Math.c,523 :: 		
0x006A	0x2870      	GOTO       $+6
;__Lib_Math.c,525 :: 		
0x006B	0x09F0      	COMF       R0, 1
;__Lib_Math.c,526 :: 		
0x006C	0x09F1      	COMF       R1, 1
;__Lib_Math.c,527 :: 		
0x006D	0x0AF0      	INCF       R0, 1
;__Lib_Math.c,528 :: 		
0x006E	0x1903      	BTFSC      STATUS, 2
;__Lib_Math.c,529 :: 		
0x006F	0x0AF1      	INCF       R1, 1
;__Lib_Math.c,531 :: 		
0x0070	0x0871      	MOVF       R1, 0
;__Lib_Math.c,532 :: 		
0x0071	0x0475      	IORWF      R5, 0
;__Lib_Math.c,533 :: 		
0x0072	0x00FA      	MOVWF      R10
;__Lib_Math.c,534 :: 		
0x0073	0x1BFA      	BTFSC      R10, 7
;__Lib_Math.c,535 :: 		
0x0074	0x2885      	GOTO       $+17
;__Lib_Math.c,537 :: 		
0x0075	0x2018      	CALL       _Div_16x16_S_L
;__Lib_Math.c,539 :: 		
0x0076	0x187B      	BTFSC      R11, 0
;__Lib_Math.c,540 :: 		
0x0077	0x2898      	GOTO       $+33
;__Lib_Math.c,542 :: 		
0x0078	0x1FFD      	BTFSS      R13, 7
;__Lib_Math.c,543 :: 		
0x0079	0x3400      	RETLW      0
;__Lib_Math.c,545 :: 		
0x007A	0x09F0      	COMF       R0, 1
;__Lib_Math.c,546 :: 		
0x007B	0x09F1      	COMF       R1, 1
;__Lib_Math.c,547 :: 		
0x007C	0x0AF0      	INCF       R0, 1
;__Lib_Math.c,548 :: 		
0x007D	0x1903      	BTFSC      STATUS, 2
;__Lib_Math.c,549 :: 		
0x007E	0x0AF1      	INCF       R1, 1
;__Lib_Math.c,551 :: 		
0x007F	0x09F8      	COMF       R8, 1
;__Lib_Math.c,552 :: 		
0x0080	0x09F9      	COMF       R9, 1
;__Lib_Math.c,553 :: 		
0x0081	0x0AF8      	INCF       R8, 1
;__Lib_Math.c,554 :: 		
0x0082	0x1903      	BTFSC      STATUS, 2
;__Lib_Math.c,555 :: 		
0x0083	0x0AF9      	INCF       R9, 1
;__Lib_Math.c,557 :: 		
0x0084	0x3400      	RETLW      0
;__Lib_Math.c,559 :: 		
0x0085	0x1FF5      	BTFSS      R5, 7
;__Lib_Math.c,560 :: 		
0x0086	0x2894      	GOTO       $+14
;__Lib_Math.c,561 :: 		
0x0087	0x1BF1      	BTFSC      R1, 7
;__Lib_Math.c,562 :: 		
0x0088	0x2890      	GOTO       $+8
;__Lib_Math.c,563 :: 		
0x0089	0x0871      	MOVF       R1, 0
;__Lib_Math.c,564 :: 		
0x008A	0x00F9      	MOVWF      R9
;__Lib_Math.c,565 :: 		
0x008B	0x0870      	MOVF       R0, 0
;__Lib_Math.c,566 :: 		
0x008C	0x00F8      	MOVWF      R8
;__Lib_Math.c,567 :: 		
0x008D	0x01F1      	CLRF       R1
;__Lib_Math.c,568 :: 		
0x008E	0x01F0      	CLRF       R0
;__Lib_Math.c,569 :: 		
0x008F	0x2878      	GOTO       $-23
;__Lib_Math.c,570 :: 		
0x0090	0x01F1      	CLRF       R1
;__Lib_Math.c,571 :: 		
0x0091	0x01F0      	CLRF       R0
;__Lib_Math.c,572 :: 		
0x0092	0x0AF0      	INCF       R0, 1
;__Lib_Math.c,573 :: 		
0x0093	0x3400      	RETLW      0
;__Lib_Math.c,575 :: 		
0x0094	0x09F1      	COMF       R1, 1
;__Lib_Math.c,576 :: 		
0x0095	0x09F0      	COMF       R0, 1
;__Lib_Math.c,577 :: 		
0x0096	0x0AFB      	INCF       R11, 1
;__Lib_Math.c,578 :: 		
0x0097	0x2875      	GOTO       $-34
;__Lib_Math.c,580 :: 		
0x0098	0x0AF8      	INCF       R8, 1
;__Lib_Math.c,581 :: 		
0x0099	0x1903      	BTFSC      STATUS, 2
;__Lib_Math.c,582 :: 		
0x009A	0x0AF9      	INCF       R9, 1
;__Lib_Math.c,583 :: 		
0x009B	0x0874      	MOVF       R4, 0
;__Lib_Math.c,584 :: 		
0x009C	0x0278      	SUBWF      R8, 0
;__Lib_Math.c,585 :: 		
0x009D	0x1D03      	BTFSS      STATUS, 2
;__Lib_Math.c,586 :: 		
0x009E	0x2878      	GOTO       $-38
;__Lib_Math.c,587 :: 		
0x009F	0x0875      	MOVF       R5, 0
;__Lib_Math.c,588 :: 		
0x00A0	0x0279      	SUBWF      R9, 0
;__Lib_Math.c,589 :: 		
0x00A1	0x1D03      	BTFSS      STATUS, 2
;__Lib_Math.c,590 :: 		
0x00A2	0x2878      	GOTO       $-42
;__Lib_Math.c,591 :: 		
0x00A3	0x01F9      	CLRF       R9
;__Lib_Math.c,592 :: 		
0x00A4	0x01F8      	CLRF       R8
;__Lib_Math.c,593 :: 		
0x00A5	0x0AF0      	INCF       R0, 1
;__Lib_Math.c,594 :: 		
0x00A6	0x1903      	BTFSC      STATUS, 2
;__Lib_Math.c,595 :: 		
0x00A7	0x0AF1      	INCF       R1, 1
;__Lib_Math.c,596 :: 		
0x00A8	0x1FF1      	BTFSS      R1, 7
;__Lib_Math.c,597 :: 		
0x00A9	0x2878      	GOTO       $-49
;__Lib_Math.c,598 :: 		
0x00AA	0x0000      	NOP
;__Lib_Math.c,599 :: 		
0x00AB	0x34FF      	RETLW      255
;__Lib_Math.c,601 :: 		
L_end_Div_16x16_S:
0x00AC	0x0008      	RETURN
; end of _Div_16x16_S
_count:
;MyProject.c,23 :: 		void count(int count)
;MyProject.c,25 :: 		right=count%10;
0x00AD	0x300A      	MOVLW      10
0x00AE	0x1283      	BCF        STATUS, 5
0x00AF	0x1303      	BCF        STATUS, 6
0x00B0	0x00F4      	MOVWF      R4
0x00B1	0x3000      	MOVLW      0
0x00B2	0x00F5      	MOVWF      R4+1
0x00B3	0x0830      	MOVF       FARG_count_count, 0
0x00B4	0x00F0      	MOVWF      R0
0x00B5	0x0831      	MOVF       FARG_count_count+1, 0
0x00B6	0x00F1      	MOVWF      R0+1
0x00B7	0x2044      	CALL       _Div_16x16_S
0x00B8	0x0878      	MOVF       R8, 0
0x00B9	0x00F0      	MOVWF      R0
0x00BA	0x0879      	MOVF       R8+1, 0
0x00BB	0x00F1      	MOVWF      R0+1
0x00BC	0x0870      	MOVF       R0, 0
0x00BD	0x00B2      	MOVWF      FLOC__count
0x00BE	0x0871      	MOVF       R0+1, 0
0x00BF	0x00B3      	MOVWF      FLOC__count+1
0x00C0	0x0832      	MOVF       FLOC__count, 0
0x00C1	0x00A8      	MOVWF      _right
0x00C2	0x0833      	MOVF       FLOC__count+1, 0
0x00C3	0x00A9      	MOVWF      _right+1
;MyProject.c,26 :: 		left=count/10;
0x00C4	0x300A      	MOVLW      10
0x00C5	0x00F4      	MOVWF      R4
0x00C6	0x3000      	MOVLW      0
0x00C7	0x00F5      	MOVWF      R4+1
0x00C8	0x0830      	MOVF       FARG_count_count, 0
0x00C9	0x00F0      	MOVWF      R0
0x00CA	0x0831      	MOVF       FARG_count_count+1, 0
0x00CB	0x00F1      	MOVWF      R0+1
0x00CC	0x2044      	CALL       _Div_16x16_S
0x00CD	0x0870      	MOVF       R0, 0
0x00CE	0x00AA      	MOVWF      _left
0x00CF	0x0871      	MOVF       R0+1, 0
0x00D0	0x00AB      	MOVWF      _left+1
;MyProject.c,27 :: 		portd=right+(left*16);
0x00D1	0x3004      	MOVLW      4
0x00D2	0x00F3      	MOVWF      R3
0x00D3	0x0870      	MOVF       R0, 0
0x00D4	0x00F2      	MOVWF      R2
0x00D5	0x0873      	MOVF       R3, 0
L__count71:
0x00D6	0x1903      	BTFSC      STATUS, 2
0x00D7	0x28DC      	GOTO       L__count72
0x00D8	0x0DF2      	RLF        R2, 1
0x00D9	0x1072      	BCF        R2, 0
0x00DA	0x3EFF      	ADDLW      255
0x00DB	0x28D6      	GOTO       L__count71
L__count72:
0x00DC	0x0872      	MOVF       R2, 0
0x00DD	0x0732      	ADDWF      FLOC__count, 0
0x00DE	0x0088      	MOVWF      PORTD
;MyProject.c,28 :: 		msd=1;
0x00DF	0x1486      	BSF        PORTB, 1
;MyProject.c,29 :: 		lsd=1;
0x00E0	0x1506      	BSF        PORTB, 2
;MyProject.c,30 :: 		delay_ms(1000);
0x00E1	0x300B      	MOVLW      11
0x00E2	0x00FB      	MOVWF      R11
0x00E3	0x3026      	MOVLW      38
0x00E4	0x00FC      	MOVWF      R12
0x00E5	0x305D      	MOVLW      93
0x00E6	0x00FD      	MOVWF      R13
L_count0:
0x00E7	0x0BFD      	DECFSZ     R13, 1
0x00E8	0x28E7      	GOTO       L_count0
0x00E9	0x0BFC      	DECFSZ     R12, 1
0x00EA	0x28E7      	GOTO       L_count0
0x00EB	0x0BFB      	DECFSZ     R11, 1
0x00EC	0x28E7      	GOTO       L_count0
0x00ED	0x0000      	NOP
0x00EE	0x0000      	NOP
;MyProject.c,32 :: 		}
L_end_count:
0x00EF	0x0008      	RETURN
; end of _count
_____DoICP:
;__Lib_System.c,6 :: 		
;__Lib_System.c,9 :: 		
0x00F0	0x1283      	BCF        STATUS, 5
0x00F1	0x1303      	BCF        STATUS, 6
0x00F2	0x0827      	MOVF       ___DoICPAddr+1, 0
0x00F3	0x008A      	MOVWF      PCLATH
;__Lib_System.c,10 :: 		
0x00F4	0x0826      	MOVF       ___DoICPAddr, 0
0x00F5	0x0082      	MOVWF      PCL
;__Lib_System.c,12 :: 		
L_end_____DoICP:
0x00F6	0x0008      	RETURN
; end of _____DoICP
_part2:
;MyProject.c,33 :: 		void part2(int str){
;MyProject.c,34 :: 		for(j=str;j>=0;j--)
0x00F7	0x1283      	BCF        STATUS, 5
0x00F8	0x1303      	BCF        STATUS, 6
0x00F9	0x082E      	MOVF       FARG_part2_str, 0
0x00FA	0x00A0      	MOVWF      _j
0x00FB	0x082F      	MOVF       FARG_part2_str+1, 0
0x00FC	0x00A1      	MOVWF      _j+1
L_part21:
0x00FD	0x3080      	MOVLW      128
0x00FE	0x0621      	XORWF      _j+1, 0
0x00FF	0x00F0      	MOVWF      R0
0x0100	0x3080      	MOVLW      128
0x0101	0x0270      	SUBWF      R0, 0
0x0102	0x1D03      	BTFSS      STATUS, 2
0x0103	0x2906      	GOTO       L__part274
0x0104	0x3000      	MOVLW      0
0x0105	0x0220      	SUBWF      _j, 0
L__part274:
0x0106	0x1C03      	BTFSS      STATUS, 0
0x0107	0x294B      	GOTO       L_part22
;MyProject.c,38 :: 		count(j);
0x0108	0x0820      	MOVF       _j, 0
0x0109	0x00B0      	MOVWF      FARG_count_count
0x010A	0x0821      	MOVF       _j+1, 0
0x010B	0x00B1      	MOVWF      FARG_count_count+1
0x010C	0x20AD      	CALL       _count
;MyProject.c,39 :: 		if(j>3)
0x010D	0x3080      	MOVLW      128
0x010E	0x00F0      	MOVWF      R0
0x010F	0x3080      	MOVLW      128
0x0110	0x0621      	XORWF      _j+1, 0
0x0111	0x0270      	SUBWF      R0, 0
0x0112	0x1D03      	BTFSS      STATUS, 2
0x0113	0x2916      	GOTO       L__part275
0x0114	0x0820      	MOVF       _j, 0
0x0115	0x3C03      	SUBLW      3
L__part275:
0x0116	0x1803      	BTFSC      STATUS, 0
0x0117	0x292B      	GOTO       L_part24
;MyProject.c,41 :: 		red2=1;
0x0118	0x1587      	BSF        PORTC, 3
;MyProject.c,42 :: 		green1=1;
0x0119	0x1507      	BSF        PORTC, 2
;MyProject.c,45 :: 		if(sw==0)
0x011A	0x1B87      	BTFSC      PORTC, 7
0x011B	0x292B      	GOTO       L_part25
;MyProject.c,47 :: 		msd=lsd=0;
0x011C	0x1106      	BCF        PORTB, 2
0x011D	0x1906      	BTFSC      PORTB, 2
0x011E	0x2921      	GOTO       L__part276
0x011F	0x1086      	BCF        PORTB, 1
0x0120	0x2922      	GOTO       L__part277
L__part276:
0x0121	0x1486      	BSF        PORTB, 1
L__part277:
;MyProject.c,49 :: 		counter=3;
0x0122	0x3003      	MOVLW      3
0x0123	0x00A2      	MOVWF      _counter
0x0124	0x3000      	MOVLW      0
0x0125	0x00A3      	MOVWF      _counter+1
;MyProject.c,50 :: 		h=1;
0x0126	0x3001      	MOVLW      1
0x0127	0x00A4      	MOVWF      _h
0x0128	0x3000      	MOVLW      0
0x0129	0x00A5      	MOVWF      _h+1
;MyProject.c,52 :: 		break;
0x012A	0x294B      	GOTO       L_part22
;MyProject.c,53 :: 		}
L_part25:
;MyProject.c,54 :: 		}
L_part24:
;MyProject.c,55 :: 		if(j<=3)
0x012B	0x3080      	MOVLW      128
0x012C	0x00F0      	MOVWF      R0
0x012D	0x3080      	MOVLW      128
0x012E	0x0621      	XORWF      _j+1, 0
0x012F	0x0270      	SUBWF      R0, 0
0x0130	0x1D03      	BTFSS      STATUS, 2
0x0131	0x2934      	GOTO       L__part278
0x0132	0x0820      	MOVF       _j, 0
0x0133	0x3C03      	SUBLW      3
L__part278:
0x0134	0x1C03      	BTFSS      STATUS, 0
0x0135	0x2946      	GOTO       L_part26
;MyProject.c,58 :: 		red2=1;
0x0136	0x1587      	BSF        PORTC, 3
;MyProject.c,59 :: 		green1=0;
0x0137	0x1107      	BCF        PORTC, 2
;MyProject.c,60 :: 		yellow1=1          ;
0x0138	0x1487      	BSF        PORTC, 1
;MyProject.c,61 :: 		if(sw==0)
0x0139	0x1B87      	BTFSC      PORTC, 7
0x013A	0x2946      	GOTO       L_part27
;MyProject.c,63 :: 		msd=lsd=0;
0x013B	0x1106      	BCF        PORTB, 2
0x013C	0x1906      	BTFSC      PORTB, 2
0x013D	0x2940      	GOTO       L__part279
0x013E	0x1086      	BCF        PORTB, 1
0x013F	0x2941      	GOTO       L__part280
L__part279:
0x0140	0x1486      	BSF        PORTB, 1
L__part280:
;MyProject.c,65 :: 		counter=4;
0x0141	0x3004      	MOVLW      4
0x0142	0x00A2      	MOVWF      _counter
0x0143	0x3000      	MOVLW      0
0x0144	0x00A3      	MOVWF      _counter+1
;MyProject.c,68 :: 		break;
0x0145	0x294B      	GOTO       L_part22
;MyProject.c,69 :: 		}
L_part27:
;MyProject.c,70 :: 		}
L_part26:
;MyProject.c,34 :: 		for(j=str;j>=0;j--)
0x0146	0x3001      	MOVLW      1
0x0147	0x02A0      	SUBWF      _j, 1
0x0148	0x1C03      	BTFSS      STATUS, 0
0x0149	0x03A1      	DECF       _j+1, 1
;MyProject.c,72 :: 		}
0x014A	0x28FD      	GOTO       L_part21
L_part22:
;MyProject.c,73 :: 		if(j==0)h=0;
0x014B	0x3000      	MOVLW      0
0x014C	0x0621      	XORWF      _j+1, 0
0x014D	0x1D03      	BTFSS      STATUS, 2
0x014E	0x2951      	GOTO       L__part281
0x014F	0x3000      	MOVLW      0
0x0150	0x0620      	XORWF      _j, 0
L__part281:
0x0151	0x1D03      	BTFSS      STATUS, 2
0x0152	0x2955      	GOTO       L_part28
0x0153	0x01A4      	CLRF       _h
0x0154	0x01A5      	CLRF       _h+1
L_part28:
;MyProject.c,74 :: 		red2=0;
0x0155	0x1187      	BCF        PORTC, 3
;MyProject.c,75 :: 		yellow1=0;
0x0156	0x1087      	BCF        PORTC, 1
;MyProject.c,76 :: 		green1=0;
0x0157	0x1107      	BCF        PORTC, 2
;MyProject.c,77 :: 		}
L_end_part2:
0x0158	0x0008      	RETURN
; end of _part2
_autom:
;MyProject.c,127 :: 		void autom()
;MyProject.c,132 :: 		for(j=15;j>=0;j--)
0x0159	0x300F      	MOVLW      15
0x015A	0x1283      	BCF        STATUS, 5
0x015B	0x1303      	BCF        STATUS, 6
0x015C	0x00A0      	MOVWF      _j
0x015D	0x3000      	MOVLW      0
0x015E	0x00A1      	MOVWF      _j+1
L_autom15:
0x015F	0x3080      	MOVLW      128
0x0160	0x0621      	XORWF      _j+1, 0
0x0161	0x00F0      	MOVWF      R0
0x0162	0x3080      	MOVLW      128
0x0163	0x0270      	SUBWF      R0, 0
0x0164	0x1D03      	BTFSS      STATUS, 2
0x0165	0x2968      	GOTO       L__autom90
0x0166	0x3000      	MOVLW      0
0x0167	0x0220      	SUBWF      _j, 0
L__autom90:
0x0168	0x1C03      	BTFSS      STATUS, 0
0x0169	0x29A9      	GOTO       L_autom16
;MyProject.c,137 :: 		if(j>3)
0x016A	0x3080      	MOVLW      128
0x016B	0x00F0      	MOVWF      R0
0x016C	0x3080      	MOVLW      128
0x016D	0x0621      	XORWF      _j+1, 0
0x016E	0x0270      	SUBWF      R0, 0
0x016F	0x1D03      	BTFSS      STATUS, 2
0x0170	0x2973      	GOTO       L__autom91
0x0171	0x0820      	MOVF       _j, 0
0x0172	0x3C03      	SUBLW      3
L__autom91:
0x0173	0x1803      	BTFSC      STATUS, 0
0x0174	0x2984      	GOTO       L_autom18
;MyProject.c,139 :: 		red1=1;
0x0175	0x1407      	BSF        PORTC, 0
;MyProject.c,140 :: 		green2=1;
0x0176	0x1687      	BSF        PORTC, 5
;MyProject.c,143 :: 		if(sw==0)
0x0177	0x1B87      	BTFSC      PORTC, 7
0x0178	0x2984      	GOTO       L_autom19
;MyProject.c,145 :: 		msd=lsd=0;
0x0179	0x1106      	BCF        PORTB, 2
0x017A	0x1906      	BTFSC      PORTB, 2
0x017B	0x297E      	GOTO       L__autom92
0x017C	0x1086      	BCF        PORTB, 1
0x017D	0x297F      	GOTO       L__autom93
L__autom92:
0x017E	0x1486      	BSF        PORTB, 1
L__autom93:
;MyProject.c,147 :: 		counter=1;
0x017F	0x3001      	MOVLW      1
0x0180	0x00A2      	MOVWF      _counter
0x0181	0x3000      	MOVLW      0
0x0182	0x00A3      	MOVWF      _counter+1
;MyProject.c,150 :: 		break;
0x0183	0x29A9      	GOTO       L_autom16
;MyProject.c,151 :: 		}
L_autom19:
;MyProject.c,152 :: 		}
L_autom18:
;MyProject.c,153 :: 		count(j);
0x0184	0x0820      	MOVF       _j, 0
0x0185	0x00B0      	MOVWF      FARG_count_count
0x0186	0x0821      	MOVF       _j+1, 0
0x0187	0x00B1      	MOVWF      FARG_count_count+1
0x0188	0x20AD      	CALL       _count
;MyProject.c,155 :: 		if(j<=3)
0x0189	0x3080      	MOVLW      128
0x018A	0x00F0      	MOVWF      R0
0x018B	0x3080      	MOVLW      128
0x018C	0x0621      	XORWF      _j+1, 0
0x018D	0x0270      	SUBWF      R0, 0
0x018E	0x1D03      	BTFSS      STATUS, 2
0x018F	0x2992      	GOTO       L__autom94
0x0190	0x0820      	MOVF       _j, 0
0x0191	0x3C03      	SUBLW      3
L__autom94:
0x0192	0x1C03      	BTFSS      STATUS, 0
0x0193	0x29A4      	GOTO       L_autom20
;MyProject.c,159 :: 		red1=1;
0x0194	0x1407      	BSF        PORTC, 0
;MyProject.c,160 :: 		green2=0;
0x0195	0x1287      	BCF        PORTC, 5
;MyProject.c,161 :: 		yellow2=1;
0x0196	0x1607      	BSF        PORTC, 4
;MyProject.c,162 :: 		if(sw==0)
0x0197	0x1B87      	BTFSC      PORTC, 7
0x0198	0x29A4      	GOTO       L_autom21
;MyProject.c,164 :: 		msd=lsd=0;
0x0199	0x1106      	BCF        PORTB, 2
0x019A	0x1906      	BTFSC      PORTB, 2
0x019B	0x299E      	GOTO       L__autom95
0x019C	0x1086      	BCF        PORTB, 1
0x019D	0x299F      	GOTO       L__autom96
L__autom95:
0x019E	0x1486      	BSF        PORTB, 1
L__autom96:
;MyProject.c,166 :: 		counter=2;
0x019F	0x3002      	MOVLW      2
0x01A0	0x00A2      	MOVWF      _counter
0x01A1	0x3000      	MOVLW      0
0x01A2	0x00A3      	MOVWF      _counter+1
;MyProject.c,169 :: 		break;
0x01A3	0x29A9      	GOTO       L_autom16
;MyProject.c,170 :: 		}
L_autom21:
;MyProject.c,171 :: 		}
L_autom20:
;MyProject.c,132 :: 		for(j=15;j>=0;j--)
0x01A4	0x3001      	MOVLW      1
0x01A5	0x02A0      	SUBWF      _j, 1
0x01A6	0x1C03      	BTFSS      STATUS, 0
0x01A7	0x03A1      	DECF       _j+1, 1
;MyProject.c,175 :: 		}
0x01A8	0x295F      	GOTO       L_autom15
L_autom16:
;MyProject.c,178 :: 		red1=0;
0x01A9	0x1007      	BCF        PORTC, 0
;MyProject.c,179 :: 		yellow2=0;
0x01AA	0x1207      	BCF        PORTC, 4
;MyProject.c,188 :: 		for(j=23;j>=0;j--)
0x01AB	0x3017      	MOVLW      23
0x01AC	0x00A0      	MOVWF      _j
0x01AD	0x3000      	MOVLW      0
0x01AE	0x00A1      	MOVWF      _j+1
L_autom22:
0x01AF	0x3080      	MOVLW      128
0x01B0	0x0621      	XORWF      _j+1, 0
0x01B1	0x00F0      	MOVWF      R0
0x01B2	0x3080      	MOVLW      128
0x01B3	0x0270      	SUBWF      R0, 0
0x01B4	0x1D03      	BTFSS      STATUS, 2
0x01B5	0x29B8      	GOTO       L__autom97
0x01B6	0x3000      	MOVLW      0
0x01B7	0x0220      	SUBWF      _j, 0
L__autom97:
0x01B8	0x1C03      	BTFSS      STATUS, 0
0x01B9	0x2A0D      	GOTO       L_autom23
;MyProject.c,189 :: 		{                      if(counter==1||counter==2 )
0x01BA	0x3000      	MOVLW      0
0x01BB	0x0623      	XORWF      _counter+1, 0
0x01BC	0x1D03      	BTFSS      STATUS, 2
0x01BD	0x29C0      	GOTO       L__autom98
0x01BE	0x3001      	MOVLW      1
0x01BF	0x0622      	XORWF      _counter, 0
L__autom98:
0x01C0	0x1903      	BTFSC      STATUS, 2
0x01C1	0x29CB      	GOTO       L__autom68
0x01C2	0x3000      	MOVLW      0
0x01C3	0x0623      	XORWF      _counter+1, 0
0x01C4	0x1D03      	BTFSS      STATUS, 2
0x01C5	0x29C8      	GOTO       L__autom99
0x01C6	0x3002      	MOVLW      2
0x01C7	0x0622      	XORWF      _counter, 0
L__autom99:
0x01C8	0x1903      	BTFSC      STATUS, 2
0x01C9	0x29CB      	GOTO       L__autom68
0x01CA	0x29CC      	GOTO       L_autom27
L__autom68:
;MyProject.c,191 :: 		break;
0x01CB	0x2A0D      	GOTO       L_autom23
;MyProject.c,192 :: 		}
L_autom27:
;MyProject.c,194 :: 		counter=0;
0x01CC	0x01A2      	CLRF       _counter
0x01CD	0x01A3      	CLRF       _counter+1
;MyProject.c,195 :: 		if(j>3)
0x01CE	0x3080      	MOVLW      128
0x01CF	0x00F0      	MOVWF      R0
0x01D0	0x3080      	MOVLW      128
0x01D1	0x0621      	XORWF      _j+1, 0
0x01D2	0x0270      	SUBWF      R0, 0
0x01D3	0x1D03      	BTFSS      STATUS, 2
0x01D4	0x29D7      	GOTO       L__autom100
0x01D5	0x0820      	MOVF       _j, 0
0x01D6	0x3C03      	SUBLW      3
L__autom100:
0x01D7	0x1803      	BTFSC      STATUS, 0
0x01D8	0x29E8      	GOTO       L_autom28
;MyProject.c,198 :: 		if(sw==0)
0x01D9	0x1B87      	BTFSC      PORTC, 7
0x01DA	0x29E6      	GOTO       L_autom29
;MyProject.c,200 :: 		msd=lsd=0;
0x01DB	0x1106      	BCF        PORTB, 2
0x01DC	0x1906      	BTFSC      PORTB, 2
0x01DD	0x29E0      	GOTO       L__autom101
0x01DE	0x1086      	BCF        PORTB, 1
0x01DF	0x29E1      	GOTO       L__autom102
L__autom101:
0x01E0	0x1486      	BSF        PORTB, 1
L__autom102:
;MyProject.c,204 :: 		counter=3;
0x01E1	0x3003      	MOVLW      3
0x01E2	0x00A2      	MOVWF      _counter
0x01E3	0x3000      	MOVLW      0
0x01E4	0x00A3      	MOVWF      _counter+1
;MyProject.c,206 :: 		break;
0x01E5	0x2A0D      	GOTO       L_autom23
;MyProject.c,207 :: 		}
L_autom29:
;MyProject.c,208 :: 		red2=1;
0x01E6	0x1587      	BSF        PORTC, 3
;MyProject.c,209 :: 		green1=1;
0x01E7	0x1507      	BSF        PORTC, 2
;MyProject.c,210 :: 		}
L_autom28:
;MyProject.c,211 :: 		count(j);
0x01E8	0x0820      	MOVF       _j, 0
0x01E9	0x00B0      	MOVWF      FARG_count_count
0x01EA	0x0821      	MOVF       _j+1, 0
0x01EB	0x00B1      	MOVWF      FARG_count_count+1
0x01EC	0x20AD      	CALL       _count
;MyProject.c,214 :: 		if(j<=3)
0x01ED	0x3080      	MOVLW      128
0x01EE	0x00F0      	MOVWF      R0
0x01EF	0x3080      	MOVLW      128
0x01F0	0x0621      	XORWF      _j+1, 0
0x01F1	0x0270      	SUBWF      R0, 0
0x01F2	0x1D03      	BTFSS      STATUS, 2
0x01F3	0x29F6      	GOTO       L__autom103
0x01F4	0x0820      	MOVF       _j, 0
0x01F5	0x3C03      	SUBLW      3
L__autom103:
0x01F6	0x1C03      	BTFSS      STATUS, 0
0x01F7	0x2A08      	GOTO       L_autom30
;MyProject.c,217 :: 		red2=1;
0x01F8	0x1587      	BSF        PORTC, 3
;MyProject.c,218 :: 		green1=0;
0x01F9	0x1107      	BCF        PORTC, 2
;MyProject.c,219 :: 		yellow1=1;
0x01FA	0x1487      	BSF        PORTC, 1
;MyProject.c,220 :: 		if(sw==0)
0x01FB	0x1B87      	BTFSC      PORTC, 7
0x01FC	0x2A08      	GOTO       L_autom31
;MyProject.c,223 :: 		msd=lsd=0;
0x01FD	0x1106      	BCF        PORTB, 2
0x01FE	0x1906      	BTFSC      PORTB, 2
0x01FF	0x2A02      	GOTO       L__autom104
0x0200	0x1086      	BCF        PORTB, 1
0x0201	0x2A03      	GOTO       L__autom105
L__autom104:
0x0202	0x1486      	BSF        PORTB, 1
L__autom105:
;MyProject.c,224 :: 		counter=4;
0x0203	0x3004      	MOVLW      4
0x0204	0x00A2      	MOVWF      _counter
0x0205	0x3000      	MOVLW      0
0x0206	0x00A3      	MOVWF      _counter+1
;MyProject.c,226 :: 		break;
0x0207	0x2A0D      	GOTO       L_autom23
;MyProject.c,227 :: 		}
L_autom31:
;MyProject.c,229 :: 		}
L_autom30:
;MyProject.c,188 :: 		for(j=23;j>=0;j--)
0x0208	0x3001      	MOVLW      1
0x0209	0x02A0      	SUBWF      _j, 1
0x020A	0x1C03      	BTFSS      STATUS, 0
0x020B	0x03A1      	DECF       _j+1, 1
;MyProject.c,238 :: 		}
0x020C	0x29AF      	GOTO       L_autom22
L_autom23:
;MyProject.c,240 :: 		red2=0;
0x020D	0x1187      	BCF        PORTC, 3
;MyProject.c,241 :: 		yellow1=0;
0x020E	0x1087      	BCF        PORTC, 1
;MyProject.c,242 :: 		green2=0;
0x020F	0x1287      	BCF        PORTC, 5
;MyProject.c,248 :: 		}
L_end_autom:
0x0210	0x0008      	RETURN
; end of _autom
_part1:
;MyProject.c,78 :: 		void part1(int str)
;MyProject.c,81 :: 		for(j=str;j>=0;j--)
0x0211	0x1283      	BCF        STATUS, 5
0x0212	0x1303      	BCF        STATUS, 6
0x0213	0x082E      	MOVF       FARG_part1_str, 0
0x0214	0x00A0      	MOVWF      _j
0x0215	0x082F      	MOVF       FARG_part1_str+1, 0
0x0216	0x00A1      	MOVWF      _j+1
L_part19:
0x0217	0x3080      	MOVLW      128
0x0218	0x0621      	XORWF      _j+1, 0
0x0219	0x00F0      	MOVWF      R0
0x021A	0x3080      	MOVLW      128
0x021B	0x0270      	SUBWF      R0, 0
0x021C	0x1D03      	BTFSS      STATUS, 2
0x021D	0x2A20      	GOTO       L__part183
0x021E	0x3000      	MOVLW      0
0x021F	0x0220      	SUBWF      _j, 0
L__part183:
0x0220	0x1C03      	BTFSS      STATUS, 0
0x0221	0x2A54      	GOTO       L_part110
;MyProject.c,83 :: 		count(j);
0x0222	0x0820      	MOVF       _j, 0
0x0223	0x00B0      	MOVWF      FARG_count_count
0x0224	0x0821      	MOVF       _j+1, 0
0x0225	0x00B1      	MOVWF      FARG_count_count+1
0x0226	0x20AD      	CALL       _count
;MyProject.c,84 :: 		if(sw==0)
0x0227	0x1B87      	BTFSC      PORTC, 7
0x0228	0x2A34      	GOTO       L_part112
;MyProject.c,86 :: 		msd=lsd=0;
0x0229	0x1106      	BCF        PORTB, 2
0x022A	0x1906      	BTFSC      PORTB, 2
0x022B	0x2A2E      	GOTO       L__part184
0x022C	0x1086      	BCF        PORTB, 1
0x022D	0x2A2F      	GOTO       L__part185
L__part184:
0x022E	0x1486      	BSF        PORTB, 1
L__part185:
;MyProject.c,88 :: 		counter=1;
0x022F	0x3001      	MOVLW      1
0x0230	0x00A2      	MOVWF      _counter
0x0231	0x3000      	MOVLW      0
0x0232	0x00A3      	MOVWF      _counter+1
;MyProject.c,91 :: 		break;
0x0233	0x2A54      	GOTO       L_part110
;MyProject.c,92 :: 		}
L_part112:
;MyProject.c,93 :: 		if(j<=3)
0x0234	0x3080      	MOVLW      128
0x0235	0x00F0      	MOVWF      R0
0x0236	0x3080      	MOVLW      128
0x0237	0x0621      	XORWF      _j+1, 0
0x0238	0x0270      	SUBWF      R0, 0
0x0239	0x1D03      	BTFSS      STATUS, 2
0x023A	0x2A3D      	GOTO       L__part186
0x023B	0x0820      	MOVF       _j, 0
0x023C	0x3C03      	SUBLW      3
L__part186:
0x023D	0x1C03      	BTFSS      STATUS, 0
0x023E	0x2A4F      	GOTO       L_part113
;MyProject.c,96 :: 		red1=1;
0x023F	0x1407      	BSF        PORTC, 0
;MyProject.c,97 :: 		green2=0;
0x0240	0x1287      	BCF        PORTC, 5
;MyProject.c,98 :: 		yellow2=1;
0x0241	0x1607      	BSF        PORTC, 4
;MyProject.c,99 :: 		if(sw==0)
0x0242	0x1B87      	BTFSC      PORTC, 7
0x0243	0x2A4F      	GOTO       L_part114
;MyProject.c,101 :: 		msd=lsd=0;
0x0244	0x1106      	BCF        PORTB, 2
0x0245	0x1906      	BTFSC      PORTB, 2
0x0246	0x2A49      	GOTO       L__part187
0x0247	0x1086      	BCF        PORTB, 1
0x0248	0x2A4A      	GOTO       L__part188
L__part187:
0x0249	0x1486      	BSF        PORTB, 1
L__part188:
;MyProject.c,103 :: 		counter=2;
0x024A	0x3002      	MOVLW      2
0x024B	0x00A2      	MOVWF      _counter
0x024C	0x3000      	MOVLW      0
0x024D	0x00A3      	MOVWF      _counter+1
;MyProject.c,106 :: 		break;
0x024E	0x2A54      	GOTO       L_part110
;MyProject.c,107 :: 		}
L_part114:
;MyProject.c,108 :: 		}
L_part113:
;MyProject.c,81 :: 		for(j=str;j>=0;j--)
0x024F	0x3001      	MOVLW      1
0x0250	0x02A0      	SUBWF      _j, 1
0x0251	0x1C03      	BTFSS      STATUS, 0
0x0252	0x03A1      	DECF       _j+1, 1
;MyProject.c,112 :: 		}
0x0253	0x2A17      	GOTO       L_part19
L_part110:
;MyProject.c,113 :: 		red1=0;
0x0254	0x1007      	BCF        PORTC, 0
;MyProject.c,114 :: 		yellow2=0;
0x0255	0x1207      	BCF        PORTC, 4
;MyProject.c,115 :: 		}
L_end_part1:
0x0256	0x0008      	RETURN
; end of _part1
___CC2DW:
;__Lib_System.c,134 :: 		
;__Lib_System.c,137 :: 		
_CC2D_Loop1:
;__Lib_System.c,139 :: 		
0x0257	0x20F0      	CALL       _____DoICP
0x0258	0x118A      	BCF        PCLATH, 3
0x0259	0x120A      	BCF        PCLATH, 4
;__Lib_System.c,141 :: 		
0x025A	0x0080      	MOVWF      INDF
;__Lib_System.c,142 :: 		
0x025B	0x0A84      	INCF       FSR, 1
;__Lib_System.c,143 :: 		
0x025C	0x0AA6      	INCF       ___DoICPAddr, 1
;__Lib_System.c,145 :: 		
0x025D	0x1903      	BTFSC      STATUS, 2
;__Lib_System.c,146 :: 		
0x025E	0x0AA7      	INCF       ___DoICPAddr+1, 1
;__Lib_System.c,147 :: 		
0x025F	0x03F0      	DECF       R0, 1
;__Lib_System.c,149 :: 		
0x0260	0x1D03      	BTFSS      STATUS, 2
;__Lib_System.c,150 :: 		
0x0261	0x2A57      	GOTO       _CC2D_Loop1
;__Lib_System.c,152 :: 		
L_end___CC2DW:
0x0262	0x0008      	RETURN
; end of ___CC2DW
_main:
0x0263	0x1283      	BCF        STATUS, 5
0x0264	0x1303      	BCF        STATUS, 6
0x0265	0x01A0      	CLRF       _j
0x0266	0x01A1      	CLRF       33
0x0267	0x01A2      	CLRF       _counter
0x0268	0x01A3      	CLRF       35
0x0269	0x01A4      	CLRF       _h
0x026A	0x01A5      	CLRF       37
;MyProject.c,262 :: 		void main() {
;MyProject.c,263 :: 		adcon1=7;
0x026B	0x3007      	MOVLW      7
0x026C	0x1683      	BSF        STATUS, 5
0x026D	0x009F      	MOVWF      ADCON1
;MyProject.c,264 :: 		trisb=0b00000001;
0x026E	0x3001      	MOVLW      1
0x026F	0x0086      	MOVWF      TRISB
;MyProject.c,269 :: 		portb=0;
0x0270	0x1283      	BCF        STATUS, 5
0x0271	0x0186      	CLRF       PORTB
;MyProject.c,270 :: 		trisc=0b10000000;
0x0272	0x3080      	MOVLW      128
0x0273	0x1683      	BSF        STATUS, 5
0x0274	0x0087      	MOVWF      TRISC
;MyProject.c,271 :: 		portc=0;
0x0275	0x1283      	BCF        STATUS, 5
0x0276	0x0187      	CLRF       PORTC
;MyProject.c,272 :: 		trisd=0b00000000;portd=0;
0x0277	0x1683      	BSF        STATUS, 5
0x0278	0x0188      	CLRF       TRISD
0x0279	0x1283      	BCF        STATUS, 5
0x027A	0x0188      	CLRF       PORTD
;MyProject.c,276 :: 		for(;;)
L_main33:
;MyProject.c,279 :: 		while(sw==1)
L_main36:
0x027B	0x1F87      	BTFSS      PORTC, 7
0x027C	0x2A7F      	GOTO       L_main37
;MyProject.c,284 :: 		autom();
0x027D	0x2159      	CALL       _autom
;MyProject.c,286 :: 		}
0x027E	0x2A7B      	GOTO       L_main36
L_main37:
;MyProject.c,287 :: 		while(sw==0||sw==1)
L_main38:
0x027F	0x1F87      	BTFSS      PORTC, 7
0x0280	0x2A84      	GOTO       L__main69
0x0281	0x1B87      	BTFSC      PORTC, 7
0x0282	0x2A84      	GOTO       L__main69
0x0283	0x2B25      	GOTO       L_main39
L__main69:
;MyProject.c,289 :: 		while(sw==1)
L_main42:
0x0284	0x1F87      	BTFSS      PORTC, 7
0x0285	0x2A88      	GOTO       L_main43
;MyProject.c,291 :: 		autom();
0x0286	0x2159      	CALL       _autom
;MyProject.c,292 :: 		}
0x0287	0x2A84      	GOTO       L_main42
L_main43:
;MyProject.c,293 :: 		inte_bit=1;
0x0288	0x160B      	BSF        INTE_bit, BitPos(INTE_bit+0)
;MyProject.c,294 :: 		gie_bit=1;
0x0289	0x178B      	BSF        GIE_bit, BitPos(GIE_bit+0)
;MyProject.c,295 :: 		intedg_bit=1;
0x028A	0x1683      	BSF        STATUS, 5
0x028B	0x1701      	BSF        INTEDG_bit, BitPos(INTEDG_bit+0)
;MyProject.c,296 :: 		while(counter==1)
L_main44:
0x028C	0x3000      	MOVLW      0
0x028D	0x1283      	BCF        STATUS, 5
0x028E	0x0623      	XORWF      _counter+1, 0
0x028F	0x1D03      	BTFSS      STATUS, 2
0x0290	0x2A93      	GOTO       L__main109
0x0291	0x3001      	MOVLW      1
0x0292	0x0622      	XORWF      _counter, 0
L__main109:
0x0293	0x1D03      	BTFSS      STATUS, 2
0x0294	0x2A9C      	GOTO       L_main45
;MyProject.c,298 :: 		while(sw==1)
L_main46:
0x0295	0x1F87      	BTFSS      PORTC, 7
0x0296	0x2A99      	GOTO       L_main47
;MyProject.c,301 :: 		autom();
0x0297	0x2159      	CALL       _autom
;MyProject.c,302 :: 		}
0x0298	0x2A95      	GOTO       L_main46
L_main47:
;MyProject.c,303 :: 		red1=1;
0x0299	0x1407      	BSF        PORTC, 0
;MyProject.c,305 :: 		green2=1;
0x029A	0x1687      	BSF        PORTC, 5
;MyProject.c,308 :: 		}
0x029B	0x2A8C      	GOTO       L_main44
L_main45:
;MyProject.c,310 :: 		while(counter==2)
L_main48:
0x029C	0x3000      	MOVLW      0
0x029D	0x0623      	XORWF      _counter+1, 0
0x029E	0x1D03      	BTFSS      STATUS, 2
0x029F	0x2AA2      	GOTO       L__main110
0x02A0	0x3002      	MOVLW      2
0x02A1	0x0622      	XORWF      _counter, 0
L__main110:
0x02A2	0x1D03      	BTFSS      STATUS, 2
0x02A3	0x2AC7      	GOTO       L_main49
;MyProject.c,315 :: 		red1=1;
0x02A4	0x1407      	BSF        PORTC, 0
;MyProject.c,317 :: 		green2=0;
0x02A5	0x1287      	BCF        PORTC, 5
;MyProject.c,318 :: 		yellow2=1;
0x02A6	0x1607      	BSF        PORTC, 4
;MyProject.c,320 :: 		delay_ms(3000);
0x02A7	0x301F      	MOVLW      31
0x02A8	0x00FB      	MOVWF      R11
0x02A9	0x3071      	MOVLW      113
0x02AA	0x00FC      	MOVWF      R12
0x02AB	0x301E      	MOVLW      30
0x02AC	0x00FD      	MOVWF      R13
L_main50:
0x02AD	0x0BFD      	DECFSZ     R13, 1
0x02AE	0x2AAD      	GOTO       L_main50
0x02AF	0x0BFC      	DECFSZ     R12, 1
0x02B0	0x2AAD      	GOTO       L_main50
0x02B1	0x0BFB      	DECFSZ     R11, 1
0x02B2	0x2AAD      	GOTO       L_main50
0x02B3	0x0000      	NOP
;MyProject.c,321 :: 		counter=3;
0x02B4	0x3003      	MOVLW      3
0x02B5	0x00A2      	MOVWF      _counter
0x02B6	0x3000      	MOVLW      0
0x02B7	0x00A3      	MOVWF      _counter+1
;MyProject.c,322 :: 		while(sw==1)
L_main51:
0x02B8	0x1F87      	BTFSS      PORTC, 7
0x02B9	0x2AC6      	GOTO       L_main52
;MyProject.c,325 :: 		part1(3);
0x02BA	0x3003      	MOVLW      3
0x02BB	0x00AE      	MOVWF      FARG_part1_str
0x02BC	0x3000      	MOVLW      0
0x02BD	0x00AF      	MOVWF      FARG_part1_str+1
0x02BE	0x2211      	CALL       _part1
;MyProject.c,326 :: 		part2(23);
0x02BF	0x3017      	MOVLW      23
0x02C0	0x00AE      	MOVWF      FARG_part2_str
0x02C1	0x3000      	MOVLW      0
0x02C2	0x00AF      	MOVWF      FARG_part2_str+1
0x02C3	0x20F7      	CALL       _part2
;MyProject.c,328 :: 		autom();
0x02C4	0x2159      	CALL       _autom
;MyProject.c,329 :: 		}
0x02C5	0x2AB8      	GOTO       L_main51
L_main52:
;MyProject.c,332 :: 		}
0x02C6	0x2A9C      	GOTO       L_main48
L_main49:
;MyProject.c,334 :: 		while(counter==3)
L_main53:
0x02C7	0x3000      	MOVLW      0
0x02C8	0x0623      	XORWF      _counter+1, 0
0x02C9	0x1D03      	BTFSS      STATUS, 2
0x02CA	0x2ACD      	GOTO       L__main111
0x02CB	0x3003      	MOVLW      3
0x02CC	0x0622      	XORWF      _counter, 0
L__main111:
0x02CD	0x1D03      	BTFSS      STATUS, 2
0x02CE	0x2AEB      	GOTO       L_main54
;MyProject.c,338 :: 		red1=0;
0x02CF	0x1007      	BCF        PORTC, 0
;MyProject.c,339 :: 		red2=1;
0x02D0	0x1587      	BSF        PORTC, 3
;MyProject.c,340 :: 		green1=1;
0x02D1	0x1507      	BSF        PORTC, 2
;MyProject.c,341 :: 		yellow2=0;
0x02D2	0x1207      	BCF        PORTC, 4
;MyProject.c,343 :: 		while(sw==1)
L_main55:
0x02D3	0x1F87      	BTFSS      PORTC, 7
0x02D4	0x2AEA      	GOTO       L_main56
;MyProject.c,346 :: 		part2(23);
0x02D5	0x3017      	MOVLW      23
0x02D6	0x00AE      	MOVWF      FARG_part2_str
0x02D7	0x3000      	MOVLW      0
0x02D8	0x00AF      	MOVWF      FARG_part2_str+1
0x02D9	0x20F7      	CALL       _part2
;MyProject.c,347 :: 		while(h==1)
L_main57:
0x02DA	0x3000      	MOVLW      0
0x02DB	0x0625      	XORWF      _h+1, 0
0x02DC	0x1D03      	BTFSS      STATUS, 2
0x02DD	0x2AE0      	GOTO       L__main112
0x02DE	0x3001      	MOVLW      1
0x02DF	0x0624      	XORWF      _h, 0
L__main112:
0x02E0	0x1D03      	BTFSS      STATUS, 2
0x02E1	0x2AE8      	GOTO       L_main58
;MyProject.c,349 :: 		part2(23);
0x02E2	0x3017      	MOVLW      23
0x02E3	0x00AE      	MOVWF      FARG_part2_str
0x02E4	0x3000      	MOVLW      0
0x02E5	0x00AF      	MOVWF      FARG_part2_str+1
0x02E6	0x20F7      	CALL       _part2
;MyProject.c,350 :: 		}
0x02E7	0x2ADA      	GOTO       L_main57
L_main58:
;MyProject.c,351 :: 		autom();
0x02E8	0x2159      	CALL       _autom
;MyProject.c,355 :: 		}
0x02E9	0x2AD3      	GOTO       L_main55
L_main56:
;MyProject.c,357 :: 		}
0x02EA	0x2AC7      	GOTO       L_main53
L_main54:
;MyProject.c,359 :: 		while(counter==4)
L_main59:
0x02EB	0x3000      	MOVLW      0
0x02EC	0x0623      	XORWF      _counter+1, 0
0x02ED	0x1D03      	BTFSS      STATUS, 2
0x02EE	0x2AF1      	GOTO       L__main113
0x02EF	0x3004      	MOVLW      4
0x02F0	0x0622      	XORWF      _counter, 0
L__main113:
0x02F1	0x1D03      	BTFSS      STATUS, 2
0x02F2	0x2B11      	GOTO       L_main60
;MyProject.c,361 :: 		red2=1;
0x02F3	0x1587      	BSF        PORTC, 3
;MyProject.c,362 :: 		green1=0;
0x02F4	0x1107      	BCF        PORTC, 2
;MyProject.c,363 :: 		yellow1=1;
0x02F5	0x1487      	BSF        PORTC, 1
;MyProject.c,364 :: 		delay_ms(3000);
0x02F6	0x301F      	MOVLW      31
0x02F7	0x00FB      	MOVWF      R11
0x02F8	0x3071      	MOVLW      113
0x02F9	0x00FC      	MOVWF      R12
0x02FA	0x301E      	MOVLW      30
0x02FB	0x00FD      	MOVWF      R13
L_main61:
0x02FC	0x0BFD      	DECFSZ     R13, 1
0x02FD	0x2AFC      	GOTO       L_main61
0x02FE	0x0BFC      	DECFSZ     R12, 1
0x02FF	0x2AFC      	GOTO       L_main61
0x0300	0x0BFB      	DECFSZ     R11, 1
0x0301	0x2AFC      	GOTO       L_main61
0x0302	0x0000      	NOP
;MyProject.c,365 :: 		counter=5;
0x0303	0x3005      	MOVLW      5
0x0304	0x00A2      	MOVWF      _counter
0x0305	0x3000      	MOVLW      0
0x0306	0x00A3      	MOVWF      _counter+1
;MyProject.c,367 :: 		while(sw==1)
L_main62:
0x0307	0x1F87      	BTFSS      PORTC, 7
0x0308	0x2B10      	GOTO       L_main63
;MyProject.c,369 :: 		part2(3);
0x0309	0x3003      	MOVLW      3
0x030A	0x00AE      	MOVWF      FARG_part2_str
0x030B	0x3000      	MOVLW      0
0x030C	0x00AF      	MOVWF      FARG_part2_str+1
0x030D	0x20F7      	CALL       _part2
;MyProject.c,370 :: 		autom();
0x030E	0x2159      	CALL       _autom
;MyProject.c,371 :: 		}
0x030F	0x2B07      	GOTO       L_main62
L_main63:
;MyProject.c,373 :: 		}
0x0310	0x2AEB      	GOTO       L_main59
L_main60:
;MyProject.c,374 :: 		while(counter==5)
L_main64:
0x0311	0x3000      	MOVLW      0
0x0312	0x0623      	XORWF      _counter+1, 0
0x0313	0x1D03      	BTFSS      STATUS, 2
0x0314	0x2B17      	GOTO       L__main114
0x0315	0x3005      	MOVLW      5
0x0316	0x0622      	XORWF      _counter, 0
L__main114:
0x0317	0x1D03      	BTFSS      STATUS, 2
0x0318	0x2B24      	GOTO       L_main65
;MyProject.c,376 :: 		while(sw==1)
L_main66:
0x0319	0x1F87      	BTFSS      PORTC, 7
0x031A	0x2B1D      	GOTO       L_main67
;MyProject.c,379 :: 		autom();
0x031B	0x2159      	CALL       _autom
;MyProject.c,380 :: 		}
0x031C	0x2B19      	GOTO       L_main66
L_main67:
;MyProject.c,381 :: 		red2=0;
0x031D	0x1187      	BCF        PORTC, 3
;MyProject.c,382 :: 		yellow1=0;
0x031E	0x1087      	BCF        PORTC, 1
;MyProject.c,384 :: 		counter=1;
0x031F	0x3001      	MOVLW      1
0x0320	0x00A2      	MOVWF      _counter
0x0321	0x3000      	MOVLW      0
0x0322	0x00A3      	MOVWF      _counter+1
;MyProject.c,386 :: 		}
0x0323	0x2B11      	GOTO       L_main64
L_main65:
;MyProject.c,388 :: 		}
0x0324	0x2A7F      	GOTO       L_main38
L_main39:
;MyProject.c,391 :: 		}
0x0325	0x2A7B      	GOTO       L_main33
;MyProject.c,392 :: 		}
L_end_main:
0x0326	0x2B26      	GOTO       $+0
; end of _main
Symbol List:
//** Routines locations **
//ADDRESS    SIZE    PROCEDURE
//----------------------------------------------
0x0004      [20]    _interrupt
0x0018      [44]    _Div_16x16_S_L
0x0044     [105]    _Div_16x16_S
0x00AD      [67]    _count
0x00F0       [7]    _____DoICP
0x00F7      [98]    _part2
0x0159     [184]    _autom
0x0211      [70]    _part1
0x0257      [12]    ___CC2DW
0x0263     [196]    _main
//** Variables locations ** 
//ADDRESS    SIZE    VARIABLE
//----------------------------------------------
0x0000       [1]    INDF
0x0002       [1]    PCL
0x0003       [1]    STATUS
0x0004       [1]    FSR
0x0006       [1]    PORTB
0x0007       [1]    PORTC
0x0008       [1]    PORTD
0x000A       [1]    PCLATH
0x000B       [0]    INTE_bit
0x000B       [0]    INTF_bit
0x000B       [0]    GIE_bit
0x0020       [2]    _j
0x0022       [2]    _counter
0x0024       [2]    _h
0x0026       [2]    ___DoICPAddr
0x0028       [2]    _right
0x002A       [2]    _left
0x002C       [1]    ___saveSTATUS
0x002D       [1]    ___savePCLATH
0x002E       [2]    FARG_part1_str
0x002E       [2]    FARG_part2_str
0x0030       [2]    FARG_count_count
0x0032       [2]    FLOC__count
0x0070       [1]    R0
0x0071       [1]    R1
0x0072       [1]    R2
0x0073       [1]    R3
0x0074       [1]    R4
0x0075       [1]    R5
0x0076       [1]    R6
0x0077       [1]    R7
0x0078       [1]    R8
0x0079       [1]    R9
0x007A       [1]    R10
0x007B       [1]    R11
0x007C       [1]    R12
0x007D       [1]    R13
0x007E       [1]    R14
0x007F       [1]    R15
0x0081       [0]    INTEDG_bit
0x0086       [1]    TRISB
0x0087       [1]    TRISC
0x0088       [1]    TRISD
0x009F       [1]    ADCON1
//** Label List: ** 
//----------------------------------------------
  L_count0
  L_part21
  L_part22
  L_part23
  L_part24
  L_part25
  L_part26
  L_part27
  L_part28
  L_part19
  L_part110
  L_part111
  L_part112
  L_part113
  L_part114
  L_autom15
  L_autom16
  L_autom17
  L_autom18
  L_autom19
  L_autom20
  L_autom21
  L_autom22
  L_autom23
  L_autom24
  L_autom25
  L_autom26
  L_autom27
  L_autom28
  L_autom29
  L_autom30
  L_autom31
  L_interrupt32
  L_main33
  L_main34
  L_main35
  L_main36
  L_main37
  L_main38
  L_main39
  L_main40
  L_main41
  L_main42
  L_main43
  L_main44
  L_main45
  L_main46
  L_main47
  L_main48
  L_main49
  L_main50
  L_main51
  L_main52
  L_main53
  L_main54
  L_main55
  L_main56
  L_main57
  L_main58
  L_main59
  L_main60
  L_main61
  L_main62
  L_main63
  L_main64
  L_main65
  L_main66
  L_main67
  L__autom68
  L__main69
  L_end_count
  _count
  L__count71
  L__count72
  L_end_part2
  _part2
  L__part274
  L__part275
  L__part276
  L__part277
  L__part278
  L__part279
  L__part280
  L__part281
  L_end_part1
  _part1
  L__part183
  L__part184
  L__part185
  L__part186
  L__part187
  L__part188
  L_end_autom
  _autom
  L__autom90
  L__autom91
  L__autom92
  L__autom93
  L__autom94
  L__autom95
  L__autom96
  L__autom97
  L__autom98
  L__autom99
  L__autom100
  L__autom101
  L__autom102
  L__autom103
  L__autom104
  L__autom105
  L_end_interrupt
  _interrupt
  L__interrupt107
  L_end_main
  _main
  L__main109
  L__main110
  L__main111
  L__main112
  L__main113
  L__main114
  L_Div_16x16_S0
  L_Div_16x16_S1
  LOOPS3232A
  SADD22LA
  SOK22LA
  SADD22L8
  SOK22L8
  LOOPS3232B
  SADD22LB
  SOK22LB
  SADD22L16
  SOK22L16
  LOOPS3232C
  SADD22LC
  SOK22LC
  SADD22L24
  SOK22L24
  LOOPS3232D
  SADD22LD
  SOK22LD
  SOK22L
  L_Div_32x32_S6
  L_Div_32x32_S7
  L_Div_32x32_S8
  L_Div_32x32_S9
  FXD3232S
  END_ALL
  CA3232S
  C3232SX
  C3232SX1
  C3232S
  C3232S2
  C3232SX4
  C3232SOK
  C3232SX3
  C3232SX2
  avoid_comfrem
  LOOPU3232A
  UADD22LA
  UOK22LA
  UADD22L8
  UOK22L8
  LOOPU3232B
  UADD22LB
  UOK22LB
  UADD22L16
  UOK22L16
  LOOPU3232C
  UADD22LC
  UOK22LC
  UADD22L24
  UOK22L24
  LOOPU3232D
  UADD22LD
  UOK22LD
  UOK22L
  _NEXT
  _EXIT2
  _LOOP
  _EXIT1
  _IF_FIRST
  _IF_SECOND
  _INVERCE_FIRST
  _MULT
  _INBERSE_SECOND
  _EXIT
  L_end_Mul_8X8_U
  _Mul_8X8_U
  L_end_Mul_16X16_U
  _Mul_16X16_U
  L_end_Div_8X8_U
  _Div_8X8_U
  L_end_Div_16X16_U
  _Div_16X16_U
  L_end_Mul_8X8_S
  _Mul_8X8_S
  L_end_Mul_16X16_S
  _Mul_16X16_S
  L_end_Div_16x16_S_L
  _Div_16x16_S_L
  L_end_Div_16x16_S
  _Div_16x16_S
  L_end_Div_8X8_S
  _Div_8X8_S
  L_end_SDIV3232L
  _SDIV3232L
  L_end_COMFREM
  _COMFREM
  L_end_Div_32x32_S
  _Div_32x32_S
  L_end_Div_32x32_U
  _Div_32x32_U
  L_end_Mul_32x32_U
  _Mul_32x32_U
  L_end_Mul_32x32_S
  _Mul_32x32_S
  L_loopCA2AWs
  L_CA2AWend
  _CCA2AW_Loop1
  L_loopCS2Ss
  L_CS2Send
  _CCS2S_Loop1
  L_CCS2Send
  L_loopFZinSWs
  L_FZinSend
  _CC2D_Loop1
  L_end_____DoICP
  _____DoICP
  L_end_____DoIFC
  _____DoIFC
  L_end___CA2AW
  ___CA2AW
  L_end___CCA2AW
  ___CCA2AW
  L_end___CS2S
  ___CS2S
  L_end___CCS2S
  ___CCS2S
  L_end___FZinS
  ___FZinS
  L_end___CC2DW
  ___CC2DW
  L_end_Swap
  _Swap
  L_count0
  L_part21
  L_part22
  L_part23
  L_part24
  L_part25
  L_part26
  L_part27
  L_part28
  L_part19
  L_part110
  L_part111
  L_part112
  L_part113
  L_part114
  L_autom15
  L_autom16
  L_autom17
  L_autom18
  L_autom19
  L_autom20
  L_autom21
  L_autom22
  L_autom23
  L_autom24
  L_autom25
  L_autom26
  L_autom27
  L_autom28
  L_autom29
  L_autom30
  L_autom31
  L_interrupt32
  L_main33
  L_main34
  L_main35
  L_main36
  L_main37
  L_main38
  L_main39
  L_main40
  L_main41
  L_main42
  L_main43
  L_main44
  L_main45
  L_main46
  L_main47
  L_main48
  L_main49
  L_main50
  L_main51
  L_main52
  L_main53
  L_main54
  L_main55
  L_main56
  L_main57
  L_main58
  L_main59
  L_main60
  L_main61
  L_main62
  L_main63
  L_main64
  L_main65
  L_main66
  L_main67
  L__autom68
  L__main69
  L_end_count
  _count
  L__count71
  L__count72
  L_end_part2
  _part2
  L__part274
  L__part275
  L__part276
  L__part277
  L__part278
  L__part279
  L__part280
  L__part281
  L_end_part1
  _part1
  L__part183
  L__part184
  L__part185
  L__part186
  L__part187
  L__part188
  L_end_autom
  _autom
  L__autom90
  L__autom91
  L__autom92
  L__autom93
  L__autom94
  L__autom95
  L__autom96
  L__autom97
  L__autom98
  L__autom99
  L__autom100
  L__autom101
  L__autom102
  L__autom103
  L__autom104
  L__autom105
  L_end_interrupt
  _interrupt
  L__interrupt107
  L_end_main
  _main
  L__main109
  L__main110
  L__main111
  L__main112
  L__main113
  L__main114
